::1 - - [23/Jul/2020:03:26:30 +0000] "GET /api/v1/categories HTTP/1.1" 200 94 "-" "PostmanRuntime/7.25.0"
::1 - - [23/Jul/2020:03:26:45 +0000] "GET /api/v1/categories/5e90434cd433fa11b078ed8a HTTP/1.1" 500 84 "-" "PostmanRuntime/7.25.0"
::1 - - [23/Jul/2020:03:27:11 +0000] "POST /api/v1/categories HTTP/1.1" 500 117 "-" "PostmanRuntime/7.25.0"
::1 - - [23/Jul/2020:03:27:29 +0000] "POST /api/v1/users/login HTTP/1.1" 200 444 "-" "PostmanRuntime/7.25.0"
::1 - - [23/Jul/2020:03:27:39 +0000] "GET /api/v1/categories HTTP/1.1" 200 94 "-" "PostmanRuntime/7.25.0"
::1 - - [23/Jul/2020:03:30:01 +0000] "GET /api/v1/categories HTTP/1.1" 200 1419 "-" "PostmanRuntime/7.25.0"
::1 - - [23/Jul/2020:03:30:11 +0000] "GET /api/v1/books HTTP/1.1" 200 10533 "-" "PostmanRuntime/7.25.0"
::1 - - [26/Jul/2020:11:19:27 +0000] "GET /api/v1/categories HTTP/1.1" 200 1431 "-" "PostmanRuntime/7.24.1"
::1 - - [26/Jul/2020:12:25:20 +0000] "GET /api/v1/categories HTTP/1.1" 200 1431 "-" "PostmanRuntime/7.24.1"
::1 - - [26/Jul/2020:12:33:20 +0000] "GET /api/v1/categories HTTP/1.1" 200 1431 "-" "PostmanRuntime/7.24.1"
::1 - - [26/Jul/2020:12:44:53 +0000] "GET /api/v1/categories HTTP/1.1" 200 1431 "-" "Mozilla/5.0 (Macintosh; Intel Mac OS X 10_14_6) AppleWebKit/537.36 (KHTML, like Gecko) Chrome/84.0.4147.89 Safari/537.36"
::1 - - [26/Jul/2020:12:44:53 +0000] "GET /favicon.ico HTTP/1.1" 404 150 "http://localhost:8000/api/v1/categories" "Mozilla/5.0 (Macintosh; Intel Mac OS X 10_14_6) AppleWebKit/537.36 (KHTML, like Gecko) Chrome/84.0.4147.89 Safari/537.36"
::1 - - [26/Jul/2020:12:57:26 +0000] "GET /api/v1/categories HTTP/1.1" 304 - "-" "Mozilla/5.0 (Macintosh; Intel Mac OS X 10_14_6) AppleWebKit/537.36 (KHTML, like Gecko) Chrome/84.0.4147.89 Safari/537.36"
::ffff:192.168.1.3 - - [26/Jul/2020:12:57:37 +0000] "GET /api/v1/categories HTTP/1.1" 200 1431 "-" "Mozilla/5.0 (Macintosh; Intel Mac OS X 10_14_6) AppleWebKit/537.36 (KHTML, like Gecko) Chrome/84.0.4147.89 Safari/537.36"
::ffff:192.168.1.3 - - [26/Jul/2020:12:57:37 +0000] "GET /favicon.ico HTTP/1.1" 404 150 "http://192.168.1.3:8000/api/v1/categories" "Mozilla/5.0 (Macintosh; Intel Mac OS X 10_14_6) AppleWebKit/537.36 (KHTML, like Gecko) Chrome/84.0.4147.89 Safari/537.36"
::ffff:192.168.1.3 - - [26/Jul/2020:13:14:33 +0000] "GET /api/v1/categories HTTP/1.1" 200 1431 "-" "Expo/2.16.0.108985 CFNetwork/1121.2.1 Darwin/18.7.0"
::1 - - [26/Jul/2020:13:14:56 +0000] "GET /api/v1/categories HTTP/1.1" 200 1431 "-" "Expo/2.16.0.108985 CFNetwork/1121.2.1 Darwin/18.7.0"
::1 - - [26/Jul/2020:13:15:11 +0000] "GET /api/v1/categoriesx HTTP/1.1" 404 157 "-" "Expo/2.16.0.108985 CFNetwork/1121.2.1 Darwin/18.7.0"
::1 - - [26/Jul/2020:13:15:17 +0000] "GET /api/v1/categories HTTP/1.1" 304 - "-" "Expo/2.16.0.108985 CFNetwork/1121.2.1 Darwin/18.7.0"
::ffff:192.168.1.3 - - [26/Jul/2020:13:16:06 +0000] "GET /api/v1/categories HTTP/1.1" 304 - "-" "Expo/2.16.0.108985 CFNetwork/1121.2.1 Darwin/18.7.0"
::ffff:192.168.1.3 - - [26/Jul/2020:13:16:18 +0000] "GET /api/v1/categoriesd HTTP/1.1" 404 157 "-" "Expo/2.16.0.108985 CFNetwork/1121.2.1 Darwin/18.7.0"
::ffff:192.168.1.3 - - [26/Jul/2020:13:16:27 +0000] "GET /api/v1/categoriesd HTTP/1.1" 404 157 "-" "Expo/2.16.0.108985 CFNetwork/1121.2.1 Darwin/18.7.0"
::ffff:192.168.1.3 - - [26/Jul/2020:13:16:30 +0000] "GET /api/v1/categoriesd HTTP/1.1" 404 157 "-" "Expo/2.16.0.108985 CFNetwork/1121.2.1 Darwin/18.7.0"
::ffff:192.168.1.3 - - [26/Jul/2020:13:16:32 +0000] "GET /api/v1/categoriesd HTTP/1.1" 404 157 "-" "Expo/2.16.0.108985 CFNetwork/1121.2.1 Darwin/18.7.0"
::ffff:192.168.1.3 - - [26/Jul/2020:13:16:34 +0000] "GET /api/v1/categoriesd HTTP/1.1" 404 157 "-" "Expo/2.16.0.108985 CFNetwork/1121.2.1 Darwin/18.7.0"
::ffff:192.168.1.3 - - [26/Jul/2020:13:16:35 +0000] "GET /api/v1/categoriesd HTTP/1.1" 404 157 "-" "Expo/2.16.0.108985 CFNetwork/1121.2.1 Darwin/18.7.0"
::ffff:192.168.1.3 - - [26/Jul/2020:13:16:42 +0000] "GET /api/v1/categories HTTP/1.1" 304 - "-" "Expo/2.16.0.108985 CFNetwork/1121.2.1 Darwin/18.7.0"
::1 - - [26/Jul/2020:13:26:48 +0000] "GET /api/v1/categories HTTP/1.1" 304 - "-" "Mozilla/5.0 (Macintosh; Intel Mac OS X 10_14_6) AppleWebKit/537.36 (KHTML, like Gecko) Chrome/84.0.4147.89 Safari/537.36"
::1 - - [26/Jul/2020:13:31:08 +0000] "GET /api/v1/categories HTTP/1.1" 304 - "-" "Expo/2.16.0.108985 CFNetwork/1121.2.1 Darwin/18.7.0"
::1 - - [26/Jul/2020:13:32:20 +0000] "GET /api/v1/categories HTTP/1.1" 304 - "-" "Expo/2.16.0.108985 CFNetwork/1121.2.1 Darwin/18.7.0"
::1 - - [26/Jul/2020:13:32:43 +0000] "GET /api/v1/categories HTTP/1.1" 304 - "-" "Expo/2.16.0.108985 CFNetwork/1121.2.1 Darwin/18.7.0"
::1 - - [26/Jul/2020:13:33:06 +0000] "GET /api/v1/categories HTTP/1.1" 200 1431 "-" "PostmanRuntime/7.24.1"
::1 - - [26/Jul/2020:13:37:19 +0000] "GET /api/v1/categories HTTP/1.1" 304 - "-" "Expo/2.16.0.108985 CFNetwork/1121.2.1 Darwin/18.7.0"
::1 - - [26/Jul/2020:13:37:34 +0000] "GET /api/v1/categories HTTP/1.1" 304 - "-" "Expo/2.16.0.108985 CFNetwork/1121.2.1 Darwin/18.7.0"
::1 - - [26/Jul/2020:13:38:52 +0000] "GET /api/v1/categories HTTP/1.1" 304 - "-" "Expo/2.16.0.108985 CFNetwork/1121.2.1 Darwin/18.7.0"
::1 - - [28/Jul/2020:04:18:41 +0000] "GET /api/v1/categories HTTP/1.1" 304 - "-" "Expo/2.16.0.108985 CFNetwork/1121.2.1 Darwin/18.7.0"
::1 - - [28/Jul/2020:04:18:57 +0000] "GET /api/v1/categories HTTP/1.1" 304 - "-" "Expo/2.16.0.108985 CFNetwork/1121.2.1 Darwin/18.7.0"
::1 - - [28/Jul/2020:04:19:37 +0000] "GET /api/v1/categories HTTP/1.1" 304 - "-" "Expo/2.16.0.108985 CFNetwork/1121.2.1 Darwin/18.7.0"
::1 - - [28/Jul/2020:04:19:47 +0000] "GET /api/v1/categories HTTP/1.1" 304 - "-" "Expo/2.16.0.108985 CFNetwork/1121.2.1 Darwin/18.7.0"
::1 - - [28/Jul/2020:04:19:47 +0000] "GET /api/v1/categories HTTP/1.1" 304 - "-" "Expo/2.16.0.108985 CFNetwork/1121.2.1 Darwin/18.7.0"
::1 - - [28/Jul/2020:04:19:47 +0000] "GET /api/v1/categories HTTP/1.1" 304 - "-" "Expo/2.16.0.108985 CFNetwork/1121.2.1 Darwin/18.7.0"
::1 - - [28/Jul/2020:04:19:48 +0000] "GET /api/v1/categories HTTP/1.1" 304 - "-" "Expo/2.16.0.108985 CFNetwork/1121.2.1 Darwin/18.7.0"
::1 - - [28/Jul/2020:04:19:48 +0000] "GET /api/v1/categories HTTP/1.1" 304 - "-" "Expo/2.16.0.108985 CFNetwork/1121.2.1 Darwin/18.7.0"
::1 - - [28/Jul/2020:04:19:48 +0000] "GET /api/v1/categories HTTP/1.1" 304 - "-" "Expo/2.16.0.108985 CFNetwork/1121.2.1 Darwin/18.7.0"
::1 - - [28/Jul/2020:04:19:48 +0000] "GET /api/v1/categories HTTP/1.1" 304 - "-" "Expo/2.16.0.108985 CFNetwork/1121.2.1 Darwin/18.7.0"
::1 - - [28/Jul/2020:04:19:48 +0000] "GET /api/v1/categories HTTP/1.1" 304 - "-" "Expo/2.16.0.108985 CFNetwork/1121.2.1 Darwin/18.7.0"
::1 - - [28/Jul/2020:04:19:49 +0000] "GET /api/v1/categories HTTP/1.1" 304 - "-" "Expo/2.16.0.108985 CFNetwork/1121.2.1 Darwin/18.7.0"
::1 - - [28/Jul/2020:04:19:49 +0000] "GET /api/v1/categories HTTP/1.1" 304 - "-" "Expo/2.16.0.108985 CFNetwork/1121.2.1 Darwin/18.7.0"
::1 - - [28/Jul/2020:04:19:49 +0000] "GET /api/v1/categories HTTP/1.1" 304 - "-" "Expo/2.16.0.108985 CFNetwork/1121.2.1 Darwin/18.7.0"
::1 - - [28/Jul/2020:04:19:49 +0000] "GET /api/v1/categories HTTP/1.1" 304 - "-" "Expo/2.16.0.108985 CFNetwork/1121.2.1 Darwin/18.7.0"
::1 - - [28/Jul/2020:04:19:49 +0000] "GET /api/v1/categories HTTP/1.1" 304 - "-" "Expo/2.16.0.108985 CFNetwork/1121.2.1 Darwin/18.7.0"
::1 - - [28/Jul/2020:04:19:50 +0000] "GET /api/v1/categories HTTP/1.1" 304 - "-" "Expo/2.16.0.108985 CFNetwork/1121.2.1 Darwin/18.7.0"
::1 - - [28/Jul/2020:04:19:50 +0000] "GET /api/v1/categories HTTP/1.1" 304 - "-" "Expo/2.16.0.108985 CFNetwork/1121.2.1 Darwin/18.7.0"
::1 - - [28/Jul/2020:04:19:50 +0000] "GET /api/v1/categories HTTP/1.1" 304 - "-" "Expo/2.16.0.108985 CFNetwork/1121.2.1 Darwin/18.7.0"
::1 - - [28/Jul/2020:04:19:50 +0000] "GET /api/v1/categories HTTP/1.1" 304 - "-" "Expo/2.16.0.108985 CFNetwork/1121.2.1 Darwin/18.7.0"
::1 - - [28/Jul/2020:04:19:50 +0000] "GET /api/v1/categories HTTP/1.1" 304 - "-" "Expo/2.16.0.108985 CFNetwork/1121.2.1 Darwin/18.7.0"
::1 - - [28/Jul/2020:04:19:51 +0000] "GET /api/v1/categories HTTP/1.1" 304 - "-" "Expo/2.16.0.108985 CFNetwork/1121.2.1 Darwin/18.7.0"
::1 - - [28/Jul/2020:04:19:51 +0000] "GET /api/v1/categories HTTP/1.1" 304 - "-" "Expo/2.16.0.108985 CFNetwork/1121.2.1 Darwin/18.7.0"
::1 - - [28/Jul/2020:04:19:51 +0000] "GET /api/v1/categories HTTP/1.1" 304 - "-" "Expo/2.16.0.108985 CFNetwork/1121.2.1 Darwin/18.7.0"
::1 - - [28/Jul/2020:04:19:51 +0000] "GET /api/v1/categories HTTP/1.1" 304 - "-" "Expo/2.16.0.108985 CFNetwork/1121.2.1 Darwin/18.7.0"
::1 - - [28/Jul/2020:04:19:51 +0000] "GET /api/v1/categories HTTP/1.1" 304 - "-" "Expo/2.16.0.108985 CFNetwork/1121.2.1 Darwin/18.7.0"
::1 - - [28/Jul/2020:04:19:52 +0000] "GET /api/v1/categories HTTP/1.1" 304 - "-" "Expo/2.16.0.108985 CFNetwork/1121.2.1 Darwin/18.7.0"
::1 - - [28/Jul/2020:04:19:52 +0000] "GET /api/v1/categories HTTP/1.1" 304 - "-" "Expo/2.16.0.108985 CFNetwork/1121.2.1 Darwin/18.7.0"
::1 - - [28/Jul/2020:04:19:52 +0000] "GET /api/v1/categories HTTP/1.1" 304 - "-" "Expo/2.16.0.108985 CFNetwork/1121.2.1 Darwin/18.7.0"
::1 - - [28/Jul/2020:04:19:52 +0000] "GET /api/v1/categories HTTP/1.1" 304 - "-" "Expo/2.16.0.108985 CFNetwork/1121.2.1 Darwin/18.7.0"
::1 - - [28/Jul/2020:04:19:52 +0000] "GET /api/v1/categories HTTP/1.1" 304 - "-" "Expo/2.16.0.108985 CFNetwork/1121.2.1 Darwin/18.7.0"
::1 - - [28/Jul/2020:04:19:53 +0000] "GET /api/v1/categories HTTP/1.1" 304 - "-" "Expo/2.16.0.108985 CFNetwork/1121.2.1 Darwin/18.7.0"
::1 - - [28/Jul/2020:04:19:53 +0000] "GET /api/v1/categories HTTP/1.1" 304 - "-" "Expo/2.16.0.108985 CFNetwork/1121.2.1 Darwin/18.7.0"
::1 - - [28/Jul/2020:04:19:53 +0000] "GET /api/v1/categories HTTP/1.1" 304 - "-" "Expo/2.16.0.108985 CFNetwork/1121.2.1 Darwin/18.7.0"
::1 - - [28/Jul/2020:04:19:53 +0000] "GET /api/v1/categories HTTP/1.1" 304 - "-" "Expo/2.16.0.108985 CFNetwork/1121.2.1 Darwin/18.7.0"
::1 - - [28/Jul/2020:04:19:53 +0000] "GET /api/v1/categories HTTP/1.1" 304 - "-" "Expo/2.16.0.108985 CFNetwork/1121.2.1 Darwin/18.7.0"
::1 - - [28/Jul/2020:04:19:54 +0000] "GET /api/v1/categories HTTP/1.1" 304 - "-" "Expo/2.16.0.108985 CFNetwork/1121.2.1 Darwin/18.7.0"
::1 - - [28/Jul/2020:04:19:54 +0000] "GET /api/v1/categories HTTP/1.1" 304 - "-" "Expo/2.16.0.108985 CFNetwork/1121.2.1 Darwin/18.7.0"
::1 - - [28/Jul/2020:04:19:54 +0000] "GET /api/v1/categories HTTP/1.1" 304 - "-" "Expo/2.16.0.108985 CFNetwork/1121.2.1 Darwin/18.7.0"
::1 - - [28/Jul/2020:04:19:54 +0000] "GET /api/v1/categories HTTP/1.1" 304 - "-" "Expo/2.16.0.108985 CFNetwork/1121.2.1 Darwin/18.7.0"
::1 - - [28/Jul/2020:04:19:54 +0000] "GET /api/v1/categories HTTP/1.1" 304 - "-" "Expo/2.16.0.108985 CFNetwork/1121.2.1 Darwin/18.7.0"
::1 - - [28/Jul/2020:04:19:55 +0000] "GET /api/v1/categories HTTP/1.1" 304 - "-" "Expo/2.16.0.108985 CFNetwork/1121.2.1 Darwin/18.7.0"
::1 - - [28/Jul/2020:04:19:55 +0000] "GET /api/v1/categories HTTP/1.1" 304 - "-" "Expo/2.16.0.108985 CFNetwork/1121.2.1 Darwin/18.7.0"
::1 - - [28/Jul/2020:04:19:55 +0000] "GET /api/v1/categories HTTP/1.1" 304 - "-" "Expo/2.16.0.108985 CFNetwork/1121.2.1 Darwin/18.7.0"
::1 - - [28/Jul/2020:04:19:55 +0000] "GET /api/v1/categories HTTP/1.1" 304 - "-" "Expo/2.16.0.108985 CFNetwork/1121.2.1 Darwin/18.7.0"
::1 - - [28/Jul/2020:04:19:55 +0000] "GET /api/v1/categories HTTP/1.1" 304 - "-" "Expo/2.16.0.108985 CFNetwork/1121.2.1 Darwin/18.7.0"
::1 - - [28/Jul/2020:04:19:56 +0000] "GET /api/v1/categories HTTP/1.1" 304 - "-" "Expo/2.16.0.108985 CFNetwork/1121.2.1 Darwin/18.7.0"
::1 - - [28/Jul/2020:04:19:56 +0000] "GET /api/v1/categories HTTP/1.1" 304 - "-" "Expo/2.16.0.108985 CFNetwork/1121.2.1 Darwin/18.7.0"
::1 - - [28/Jul/2020:04:19:56 +0000] "GET /api/v1/categories HTTP/1.1" 304 - "-" "Expo/2.16.0.108985 CFNetwork/1121.2.1 Darwin/18.7.0"
::1 - - [28/Jul/2020:04:19:56 +0000] "GET /api/v1/categories HTTP/1.1" 304 - "-" "Expo/2.16.0.108985 CFNetwork/1121.2.1 Darwin/18.7.0"
::1 - - [28/Jul/2020:04:19:56 +0000] "GET /api/v1/categories HTTP/1.1" 304 - "-" "Expo/2.16.0.108985 CFNetwork/1121.2.1 Darwin/18.7.0"
::1 - - [28/Jul/2020:04:25:17 +0000] "GET /api/v1/categories HTTP/1.1" 304 - "-" "Expo/2.16.0.108985 CFNetwork/1121.2.1 Darwin/18.7.0"
::1 - - [28/Jul/2020:04:28:51 +0000] "GET /api/v1/categories HTTP/1.1" 304 - "-" "Expo/2.16.0.108985 CFNetwork/1121.2.1 Darwin/18.7.0"
::1 - - [28/Jul/2020:04:29:19 +0000] "GET /api/v1/categories HTTP/1.1" 304 - "-" "Expo/2.16.0.108985 CFNetwork/1121.2.1 Darwin/18.7.0"
::1 - - [28/Jul/2020:04:29:24 +0000] "GET /api/v1/categories HTTP/1.1" 304 - "-" "Expo/2.16.0.108985 CFNetwork/1121.2.1 Darwin/18.7.0"
::1 - - [28/Jul/2020:04:30:09 +0000] "GET /api/v1/categories HTTP/1.1" 304 - "-" "Expo/2.16.0.108985 CFNetwork/1121.2.1 Darwin/18.7.0"
::1 - - [28/Jul/2020:04:30:09 +0000] "GET /api/v1/categories HTTP/1.1" 304 - "-" "Expo/2.16.0.108985 CFNetwork/1121.2.1 Darwin/18.7.0"
::1 - - [28/Jul/2020:04:30:09 +0000] "GET /api/v1/categories HTTP/1.1" 304 - "-" "Expo/2.16.0.108985 CFNetwork/1121.2.1 Darwin/18.7.0"
::1 - - [28/Jul/2020:04:30:10 +0000] "GET /api/v1/categories HTTP/1.1" 304 - "-" "Expo/2.16.0.108985 CFNetwork/1121.2.1 Darwin/18.7.0"
::1 - - [28/Jul/2020:04:30:10 +0000] "GET /api/v1/categories HTTP/1.1" 304 - "-" "Expo/2.16.0.108985 CFNetwork/1121.2.1 Darwin/18.7.0"
::1 - - [28/Jul/2020:04:30:10 +0000] "GET /api/v1/categories HTTP/1.1" 304 - "-" "Expo/2.16.0.108985 CFNetwork/1121.2.1 Darwin/18.7.0"
::1 - - [28/Jul/2020:04:30:10 +0000] "GET /api/v1/categories HTTP/1.1" 304 - "-" "Expo/2.16.0.108985 CFNetwork/1121.2.1 Darwin/18.7.0"
::1 - - [28/Jul/2020:04:30:10 +0000] "GET /api/v1/categories HTTP/1.1" 304 - "-" "Expo/2.16.0.108985 CFNetwork/1121.2.1 Darwin/18.7.0"
::1 - - [28/Jul/2020:04:30:11 +0000] "GET /api/v1/categories HTTP/1.1" 304 - "-" "Expo/2.16.0.108985 CFNetwork/1121.2.1 Darwin/18.7.0"
::1 - - [28/Jul/2020:04:30:11 +0000] "GET /api/v1/categories HTTP/1.1" 304 - "-" "Expo/2.16.0.108985 CFNetwork/1121.2.1 Darwin/18.7.0"
::1 - - [28/Jul/2020:04:30:11 +0000] "GET /api/v1/categories HTTP/1.1" 304 - "-" "Expo/2.16.0.108985 CFNetwork/1121.2.1 Darwin/18.7.0"
::1 - - [28/Jul/2020:04:30:11 +0000] "GET /api/v1/categories HTTP/1.1" 304 - "-" "Expo/2.16.0.108985 CFNetwork/1121.2.1 Darwin/18.7.0"
::1 - - [28/Jul/2020:04:30:11 +0000] "GET /api/v1/categories HTTP/1.1" 304 - "-" "Expo/2.16.0.108985 CFNetwork/1121.2.1 Darwin/18.7.0"
::1 - - [28/Jul/2020:04:30:12 +0000] "GET /api/v1/categories HTTP/1.1" 304 - "-" "Expo/2.16.0.108985 CFNetwork/1121.2.1 Darwin/18.7.0"
::1 - - [28/Jul/2020:04:30:12 +0000] "GET /api/v1/categories HTTP/1.1" 304 - "-" "Expo/2.16.0.108985 CFNetwork/1121.2.1 Darwin/18.7.0"
::1 - - [28/Jul/2020:04:30:12 +0000] "GET /api/v1/categories HTTP/1.1" 304 - "-" "Expo/2.16.0.108985 CFNetwork/1121.2.1 Darwin/18.7.0"
::1 - - [28/Jul/2020:04:30:12 +0000] "GET /api/v1/categories HTTP/1.1" 304 - "-" "Expo/2.16.0.108985 CFNetwork/1121.2.1 Darwin/18.7.0"
::1 - - [28/Jul/2020:04:30:13 +0000] "GET /api/v1/categories HTTP/1.1" 304 - "-" "Expo/2.16.0.108985 CFNetwork/1121.2.1 Darwin/18.7.0"
::1 - - [28/Jul/2020:04:30:13 +0000] "GET /api/v1/categories HTTP/1.1" 304 - "-" "Expo/2.16.0.108985 CFNetwork/1121.2.1 Darwin/18.7.0"
::1 - - [28/Jul/2020:04:30:13 +0000] "GET /api/v1/categories HTTP/1.1" 304 - "-" "Expo/2.16.0.108985 CFNetwork/1121.2.1 Darwin/18.7.0"
::1 - - [28/Jul/2020:04:30:13 +0000] "GET /api/v1/categories HTTP/1.1" 304 - "-" "Expo/2.16.0.108985 CFNetwork/1121.2.1 Darwin/18.7.0"
::1 - - [28/Jul/2020:04:30:13 +0000] "GET /api/v1/categories HTTP/1.1" 304 - "-" "Expo/2.16.0.108985 CFNetwork/1121.2.1 Darwin/18.7.0"
::1 - - [28/Jul/2020:04:30:14 +0000] "GET /api/v1/categories HTTP/1.1" 304 - "-" "Expo/2.16.0.108985 CFNetwork/1121.2.1 Darwin/18.7.0"
::1 - - [28/Jul/2020:04:30:14 +0000] "GET /api/v1/categories HTTP/1.1" 304 - "-" "Expo/2.16.0.108985 CFNetwork/1121.2.1 Darwin/18.7.0"
::1 - - [28/Jul/2020:04:30:14 +0000] "GET /api/v1/categories HTTP/1.1" 304 - "-" "Expo/2.16.0.108985 CFNetwork/1121.2.1 Darwin/18.7.0"
::1 - - [28/Jul/2020:04:30:14 +0000] "GET /api/v1/categories HTTP/1.1" 304 - "-" "Expo/2.16.0.108985 CFNetwork/1121.2.1 Darwin/18.7.0"
::1 - - [28/Jul/2020:04:30:14 +0000] "GET /api/v1/categories HTTP/1.1" 304 - "-" "Expo/2.16.0.108985 CFNetwork/1121.2.1 Darwin/18.7.0"
::1 - - [28/Jul/2020:04:30:15 +0000] "GET /api/v1/categories HTTP/1.1" 304 - "-" "Expo/2.16.0.108985 CFNetwork/1121.2.1 Darwin/18.7.0"
::1 - - [28/Jul/2020:04:30:15 +0000] "GET /api/v1/categories HTTP/1.1" 304 - "-" "Expo/2.16.0.108985 CFNetwork/1121.2.1 Darwin/18.7.0"
::1 - - [28/Jul/2020:04:30:15 +0000] "GET /api/v1/categories HTTP/1.1" 304 - "-" "Expo/2.16.0.108985 CFNetwork/1121.2.1 Darwin/18.7.0"
::1 - - [28/Jul/2020:04:30:15 +0000] "GET /api/v1/categories HTTP/1.1" 304 - "-" "Expo/2.16.0.108985 CFNetwork/1121.2.1 Darwin/18.7.0"
::1 - - [28/Jul/2020:04:30:15 +0000] "GET /api/v1/categories HTTP/1.1" 304 - "-" "Expo/2.16.0.108985 CFNetwork/1121.2.1 Darwin/18.7.0"
::1 - - [28/Jul/2020:04:30:16 +0000] "GET /api/v1/categories HTTP/1.1" 304 - "-" "Expo/2.16.0.108985 CFNetwork/1121.2.1 Darwin/18.7.0"
::1 - - [28/Jul/2020:04:30:16 +0000] "GET /api/v1/categories HTTP/1.1" 304 - "-" "Expo/2.16.0.108985 CFNetwork/1121.2.1 Darwin/18.7.0"
::1 - - [28/Jul/2020:04:30:16 +0000] "GET /api/v1/categories HTTP/1.1" 304 - "-" "Expo/2.16.0.108985 CFNetwork/1121.2.1 Darwin/18.7.0"
::1 - - [28/Jul/2020:04:30:16 +0000] "GET /api/v1/categories HTTP/1.1" 304 - "-" "Expo/2.16.0.108985 CFNetwork/1121.2.1 Darwin/18.7.0"
::1 - - [28/Jul/2020:04:30:16 +0000] "GET /api/v1/categories HTTP/1.1" 304 - "-" "Expo/2.16.0.108985 CFNetwork/1121.2.1 Darwin/18.7.0"
::1 - - [28/Jul/2020:04:30:17 +0000] "GET /api/v1/categories HTTP/1.1" 304 - "-" "Expo/2.16.0.108985 CFNetwork/1121.2.1 Darwin/18.7.0"
::1 - - [28/Jul/2020:04:30:17 +0000] "GET /api/v1/categories HTTP/1.1" 304 - "-" "Expo/2.16.0.108985 CFNetwork/1121.2.1 Darwin/18.7.0"
::1 - - [28/Jul/2020:04:30:17 +0000] "GET /api/v1/categories HTTP/1.1" 304 - "-" "Expo/2.16.0.108985 CFNetwork/1121.2.1 Darwin/18.7.0"
::1 - - [28/Jul/2020:04:30:17 +0000] "GET /api/v1/categories HTTP/1.1" 304 - "-" "Expo/2.16.0.108985 CFNetwork/1121.2.1 Darwin/18.7.0"
::1 - - [28/Jul/2020:04:30:17 +0000] "GET /api/v1/categories HTTP/1.1" 304 - "-" "Expo/2.16.0.108985 CFNetwork/1121.2.1 Darwin/18.7.0"
::1 - - [28/Jul/2020:04:30:18 +0000] "GET /api/v1/categories HTTP/1.1" 304 - "-" "Expo/2.16.0.108985 CFNetwork/1121.2.1 Darwin/18.7.0"
::1 - - [28/Jul/2020:04:30:18 +0000] "GET /api/v1/categories HTTP/1.1" 304 - "-" "Expo/2.16.0.108985 CFNetwork/1121.2.1 Darwin/18.7.0"
::1 - - [28/Jul/2020:04:30:18 +0000] "GET /api/v1/categories HTTP/1.1" 304 - "-" "Expo/2.16.0.108985 CFNetwork/1121.2.1 Darwin/18.7.0"
::1 - - [28/Jul/2020:04:30:18 +0000] "GET /api/v1/categories HTTP/1.1" 304 - "-" "Expo/2.16.0.108985 CFNetwork/1121.2.1 Darwin/18.7.0"
::1 - - [28/Jul/2020:04:30:19 +0000] "GET /api/v1/categories HTTP/1.1" 304 - "-" "Expo/2.16.0.108985 CFNetwork/1121.2.1 Darwin/18.7.0"
::1 - - [28/Jul/2020:04:30:19 +0000] "GET /api/v1/categories HTTP/1.1" 304 - "-" "Expo/2.16.0.108985 CFNetwork/1121.2.1 Darwin/18.7.0"
::1 - - [28/Jul/2020:04:30:19 +0000] "GET /api/v1/categories HTTP/1.1" 304 - "-" "Expo/2.16.0.108985 CFNetwork/1121.2.1 Darwin/18.7.0"
::1 - - [28/Jul/2020:04:30:19 +0000] "GET /api/v1/categories HTTP/1.1" 304 - "-" "Expo/2.16.0.108985 CFNetwork/1121.2.1 Darwin/18.7.0"
::1 - - [28/Jul/2020:04:30:19 +0000] "GET /api/v1/categories HTTP/1.1" 304 - "-" "Expo/2.16.0.108985 CFNetwork/1121.2.1 Darwin/18.7.0"
::1 - - [28/Jul/2020:04:30:20 +0000] "GET /api/v1/categories HTTP/1.1" 304 - "-" "Expo/2.16.0.108985 CFNetwork/1121.2.1 Darwin/18.7.0"
::1 - - [28/Jul/2020:04:30:20 +0000] "GET /api/v1/categories HTTP/1.1" 304 - "-" "Expo/2.16.0.108985 CFNetwork/1121.2.1 Darwin/18.7.0"
::1 - - [28/Jul/2020:04:30:20 +0000] "GET /api/v1/categories HTTP/1.1" 304 - "-" "Expo/2.16.0.108985 CFNetwork/1121.2.1 Darwin/18.7.0"
::1 - - [28/Jul/2020:04:30:20 +0000] "GET /api/v1/categories HTTP/1.1" 304 - "-" "Expo/2.16.0.108985 CFNetwork/1121.2.1 Darwin/18.7.0"
::1 - - [28/Jul/2020:04:30:20 +0000] "GET /api/v1/categories HTTP/1.1" 304 - "-" "Expo/2.16.0.108985 CFNetwork/1121.2.1 Darwin/18.7.0"
::1 - - [28/Jul/2020:04:30:21 +0000] "GET /api/v1/categories HTTP/1.1" 304 - "-" "Expo/2.16.0.108985 CFNetwork/1121.2.1 Darwin/18.7.0"
::1 - - [28/Jul/2020:04:30:21 +0000] "GET /api/v1/categories HTTP/1.1" 304 - "-" "Expo/2.16.0.108985 CFNetwork/1121.2.1 Darwin/18.7.0"
::1 - - [28/Jul/2020:04:30:21 +0000] "GET /api/v1/categories HTTP/1.1" 304 - "-" "Expo/2.16.0.108985 CFNetwork/1121.2.1 Darwin/18.7.0"
::1 - - [28/Jul/2020:04:30:21 +0000] "GET /api/v1/categories HTTP/1.1" 304 - "-" "Expo/2.16.0.108985 CFNetwork/1121.2.1 Darwin/18.7.0"
::1 - - [28/Jul/2020:04:30:21 +0000] "GET /api/v1/categories HTTP/1.1" 304 - "-" "Expo/2.16.0.108985 CFNetwork/1121.2.1 Darwin/18.7.0"
::1 - - [28/Jul/2020:04:30:22 +0000] "GET /api/v1/categories HTTP/1.1" 304 - "-" "Expo/2.16.0.108985 CFNetwork/1121.2.1 Darwin/18.7.0"
::1 - - [28/Jul/2020:04:30:22 +0000] "GET /api/v1/categories HTTP/1.1" 304 - "-" "Expo/2.16.0.108985 CFNetwork/1121.2.1 Darwin/18.7.0"
::1 - - [28/Jul/2020:04:30:22 +0000] "GET /api/v1/categories HTTP/1.1" 304 - "-" "Expo/2.16.0.108985 CFNetwork/1121.2.1 Darwin/18.7.0"
::1 - - [28/Jul/2020:04:30:23 +0000] "GET /api/v1/categories HTTP/1.1" 304 - "-" "Expo/2.16.0.108985 CFNetwork/1121.2.1 Darwin/18.7.0"
::1 - - [28/Jul/2020:04:30:23 +0000] "GET /api/v1/categories HTTP/1.1" 304 - "-" "Expo/2.16.0.108985 CFNetwork/1121.2.1 Darwin/18.7.0"
::1 - - [28/Jul/2020:04:30:23 +0000] "GET /api/v1/categories HTTP/1.1" 304 - "-" "Expo/2.16.0.108985 CFNetwork/1121.2.1 Darwin/18.7.0"
::1 - - [28/Jul/2020:04:30:23 +0000] "GET /api/v1/categories HTTP/1.1" 304 - "-" "Expo/2.16.0.108985 CFNetwork/1121.2.1 Darwin/18.7.0"
::1 - - [28/Jul/2020:04:35:31 +0000] "GET /api/v1/categories HTTP/1.1" 304 - "-" "Expo/2.16.0.108985 CFNetwork/1121.2.1 Darwin/18.7.0"
::1 - - [28/Jul/2020:04:36:22 +0000] "GET /api/v1/categories HTTP/1.1" 304 - "-" "Expo/2.16.0.108985 CFNetwork/1121.2.1 Darwin/18.7.0"
::1 - - [28/Jul/2020:04:37:07 +0000] "GET /api/v1/categories HTTP/1.1" 304 - "-" "Expo/2.16.0.108985 CFNetwork/1121.2.1 Darwin/18.7.0"
::1 - - [28/Jul/2020:04:37:17 +0000] "GET /api/v1/categories HTTP/1.1" 304 - "-" "Expo/2.16.0.108985 CFNetwork/1121.2.1 Darwin/18.7.0"
::1 - - [28/Jul/2020:04:37:20 +0000] "GET /api/v1/categories HTTP/1.1" 304 - "-" "Expo/2.16.0.108985 CFNetwork/1121.2.1 Darwin/18.7.0"
::1 - - [28/Jul/2020:04:37:22 +0000] "GET /api/v1/categories HTTP/1.1" 304 - "-" "Expo/2.16.0.108985 CFNetwork/1121.2.1 Darwin/18.7.0"
::1 - - [28/Jul/2020:04:53:31 +0000] "GET /api/v1/categoriessd HTTP/1.1" 404 158 "-" "Expo/2.16.0.108985 CFNetwork/1121.2.1 Darwin/18.7.0"
::1 - - [28/Jul/2020:04:56:12 +0000] "GET /api/v1/categoriessd HTTP/1.1" 404 158 "-" "Expo/2.16.0.108985 CFNetwork/1121.2.1 Darwin/18.7.0"
::1 - - [28/Jul/2020:04:56:55 +0000] "GET /api/v1/categoriessd HTTP/1.1" 404 158 "-" "Expo/2.16.0.108985 CFNetwork/1121.2.1 Darwin/18.7.0"
::1 - - [28/Jul/2020:04:57:29 +0000] "GET /api/v1/categoriessd HTTP/1.1" 404 158 "-" "Expo/2.16.0.108985 CFNetwork/1121.2.1 Darwin/18.7.0"
::1 - - [28/Jul/2020:04:57:40 +0000] "GET /api/v1/categoriessd HTTP/1.1" 404 158 "-" "Expo/2.16.0.108985 CFNetwork/1121.2.1 Darwin/18.7.0"
::1 - - [28/Jul/2020:04:57:45 +0000] "GET /api/v1/categoriessd HTTP/1.1" 404 158 "-" "Expo/2.16.0.108985 CFNetwork/1121.2.1 Darwin/18.7.0"
::1 - - [28/Jul/2020:04:58:11 +0000] "GET /api/v1/categoriessd HTTP/1.1" 404 158 "-" "Expo/2.16.0.108985 CFNetwork/1121.2.1 Darwin/18.7.0"
::1 - - [28/Jul/2020:04:59:20 +0000] "GET /api/v1/categoriessd HTTP/1.1" 404 158 "-" "Expo/2.16.0.108985 CFNetwork/1121.2.1 Darwin/18.7.0"
::1 - - [28/Jul/2020:04:59:42 +0000] "GET /api/v1/categoriessd HTTP/1.1" 404 158 "-" "Expo/2.16.0.108985 CFNetwork/1121.2.1 Darwin/18.7.0"
::1 - - [28/Jul/2020:05:00:57 +0000] "GET /api/v1/categoriessd HTTP/1.1" 404 158 "-" "Expo/2.16.0.108985 CFNetwork/1121.2.1 Darwin/18.7.0"
::1 - - [28/Jul/2020:05:04:17 +0000] "GET /api/v1/categoriessd HTTP/1.1" 404 158 "-" "Expo/2.16.0.108985 CFNetwork/1121.2.1 Darwin/18.7.0"
::1 - - [28/Jul/2020:05:05:01 +0000] "GET /api/v1/categoriessd HTTP/1.1" 404 158 "-" "Expo/2.16.0.108985 CFNetwork/1121.2.1 Darwin/18.7.0"
::1 - - [28/Jul/2020:05:05:16 +0000] "GET /api/v1/categoriessd HTTP/1.1" 404 158 "-" "Expo/2.16.0.108985 CFNetwork/1121.2.1 Darwin/18.7.0"
::1 - - [28/Jul/2020:05:05:30 +0000] "GET /api/v1/categoriessd HTTP/1.1" 404 158 "-" "Expo/2.16.0.108985 CFNetwork/1121.2.1 Darwin/18.7.0"
::1 - - [28/Jul/2020:05:08:13 +0000] "GET /api/v1/categoriessd HTTP/1.1" 404 158 "-" "Expo/2.16.0.108985 CFNetwork/1121.2.1 Darwin/18.7.0"
::1 - - [28/Jul/2020:05:08:34 +0000] "GET /api/v1/categoriessd HTTP/1.1" 404 158 "-" "Expo/2.16.0.108985 CFNetwork/1121.2.1 Darwin/18.7.0"
::1 - - [28/Jul/2020:05:08:46 +0000] "GET /api/v1/categoriessd HTTP/1.1" 404 158 "-" "Expo/2.16.0.108985 CFNetwork/1121.2.1 Darwin/18.7.0"
::1 - - [28/Jul/2020:05:10:27 +0000] "GET /api/v1/categoriessd HTTP/1.1" 404 158 "-" "Expo/2.16.0.108985 CFNetwork/1121.2.1 Darwin/18.7.0"
::1 - - [28/Jul/2020:05:11:17 +0000] "GET /api/v1/categoriessd HTTP/1.1" 404 158 "-" "Expo/2.16.0.108985 CFNetwork/1121.2.1 Darwin/18.7.0"
::1 - - [28/Jul/2020:05:11:28 +0000] "GET /api/v1/categoriessd HTTP/1.1" 404 158 "-" "Expo/2.16.0.108985 CFNetwork/1121.2.1 Darwin/18.7.0"
::1 - - [28/Jul/2020:05:11:46 +0000] "GET /api/v1/categoriessd HTTP/1.1" 404 158 "-" "Expo/2.16.0.108985 CFNetwork/1121.2.1 Darwin/18.7.0"
::1 - - [28/Jul/2020:05:11:47 +0000] "GET /api/v1/categoriessd HTTP/1.1" 404 158 "-" "Expo/2.16.0.108985 CFNetwork/1121.2.1 Darwin/18.7.0"
::1 - - [28/Jul/2020:05:11:55 +0000] "GET /api/v1/categoriessd HTTP/1.1" 404 158 "-" "Expo/2.16.0.108985 CFNetwork/1121.2.1 Darwin/18.7.0"
::1 - - [28/Jul/2020:05:12:09 +0000] "GET /api/v1/categories HTTP/1.1" 200 1431 "-" "PostmanRuntime/7.24.1"
::1 - - [28/Jul/2020:05:12:11 +0000] "GET /api/v1/categoriesd HTTP/1.1" 404 157 "-" "PostmanRuntime/7.24.1"
::1 - - [28/Jul/2020:05:12:28 +0000] "GET /api/v1/categories/5e90434cd433fa11b078ed8ad HTTP/1.1" 500 268 "-" "PostmanRuntime/7.24.1"
::1 - - [28/Jul/2020:05:12:36 +0000] "GET /api/v1/categories HTTP/1.1" 200 1431 "-" "PostmanRuntime/7.24.1"
::1 - - [28/Jul/2020:05:13:30 +0000] "GET /api/v1/categoriessd HTTP/1.1" 404 158 "-" "Expo/2.16.0.108985 CFNetwork/1121.2.1 Darwin/18.7.0"
::1 - - [28/Jul/2020:05:13:37 +0000] "GET /api/v1/categoriessd HTTP/1.1" 404 158 "-" "Expo/2.16.0.108985 CFNetwork/1121.2.1 Darwin/18.7.0"
::1 - - [28/Jul/2020:05:13:50 +0000] "GET /api/v1/categoriessd HTTP/1.1" 404 158 "-" "Expo/2.16.0.108985 CFNetwork/1121.2.1 Darwin/18.7.0"
::1 - - [28/Jul/2020:05:13:54 +0000] "GET /api/v1/categoriessd HTTP/1.1" 404 158 "-" "Expo/2.16.0.108985 CFNetwork/1121.2.1 Darwin/18.7.0"
::1 - - [28/Jul/2020:05:13:57 +0000] "GET /api/v1/categoriessd HTTP/1.1" 404 158 "-" "Expo/2.16.0.108985 CFNetwork/1121.2.1 Darwin/18.7.0"
::1 - - [28/Jul/2020:05:14:47 +0000] "GET /api/v1/categoriessd HTTP/1.1" 404 158 "-" "Expo/2.16.0.108985 CFNetwork/1121.2.1 Darwin/18.7.0"
::1 - - [28/Jul/2020:05:18:02 +0000] "GET /api/v1/categoriessd HTTP/1.1" 404 158 "-" "Expo/2.16.0.108985 CFNetwork/1121.2.1 Darwin/18.7.0"
::1 - - [28/Jul/2020:05:18:11 +0000] "GET /api/v1/categoriessd HTTP/1.1" 404 158 "-" "Expo/2.16.0.108985 CFNetwork/1121.2.1 Darwin/18.7.0"
::1 - - [28/Jul/2020:05:18:14 +0000] "GET /api/v1/categoriessd HTTP/1.1" 404 158 "-" "Expo/2.16.0.108985 CFNetwork/1121.2.1 Darwin/18.7.0"
::1 - - [28/Jul/2020:05:18:46 +0000] "GET /api/v1/categories HTTP/1.1" 200 1431 "-" "PostmanRuntime/7.24.1"
::1 - - [28/Jul/2020:05:18:49 +0000] "GET /api/v1/categoriesasdf HTTP/1.1" 404 160 "-" "PostmanRuntime/7.24.1"
::1 - - [28/Jul/2020:05:20:37 +0000] "GET /api/v1/categoriessd HTTP/1.1" 404 158 "-" "Expo/2.16.0.108985 CFNetwork/1121.2.1 Darwin/18.7.0"
::1 - - [28/Jul/2020:05:20:59 +0000] "GET /api/v1/categoriessd HTTP/1.1" 404 158 "-" "Expo/2.16.0.108985 CFNetwork/1121.2.1 Darwin/18.7.0"
::1 - - [28/Jul/2020:05:21:40 +0000] "GET /api/v1/categoriessd HTTP/1.1" 404 158 "-" "Expo/2.16.0.108985 CFNetwork/1121.2.1 Darwin/18.7.0"
::1 - - [28/Jul/2020:05:22:41 +0000] "GET /api/v1/categoriessd HTTP/1.1" 404 158 "-" "Expo/2.16.0.108985 CFNetwork/1121.2.1 Darwin/18.7.0"
::1 - - [28/Jul/2020:05:25:26 +0000] "GET /api/v1/categoriessd HTTP/1.1" 404 158 "-" "Expo/2.16.0.108985 CFNetwork/1121.2.1 Darwin/18.7.0"
::1 - - [28/Jul/2020:05:26:22 +0000] "GET /api/v1/categoriessd HTTP/1.1" 404 158 "-" "Expo/2.16.0.108985 CFNetwork/1121.2.1 Darwin/18.7.0"
::1 - - [28/Jul/2020:05:27:23 +0000] "GET /api/v1/categoriessd HTTP/1.1" 404 158 "-" "Expo/2.16.0.108985 CFNetwork/1121.2.1 Darwin/18.7.0"
::1 - - [28/Jul/2020:05:27:25 +0000] "GET /api/v1/categoriessd HTTP/1.1" 404 158 "-" "Expo/2.16.0.108985 CFNetwork/1121.2.1 Darwin/18.7.0"
::1 - - [28/Jul/2020:05:27:26 +0000] "GET /api/v1/categoriessd HTTP/1.1" 404 158 "-" "Expo/2.16.0.108985 CFNetwork/1121.2.1 Darwin/18.7.0"
::1 - - [28/Jul/2020:05:27:33 +0000] "GET /api/v1/categoriessd HTTP/1.1" 404 158 "-" "Expo/2.16.0.108985 CFNetwork/1121.2.1 Darwin/18.7.0"
::1 - - [28/Jul/2020:05:27:41 +0000] "GET /api/v1/categoriessd HTTP/1.1" 404 158 "-" "Expo/2.16.0.108985 CFNetwork/1121.2.1 Darwin/18.7.0"
::1 - - [28/Jul/2020:05:28:05 +0000] "GET /api/v1/categoriessd HTTP/1.1" 404 158 "-" "Expo/2.16.0.108985 CFNetwork/1121.2.1 Darwin/18.7.0"
::1 - - [28/Jul/2020:05:31:53 +0000] "GET /api/v1/categoriessd HTTP/1.1" 404 158 "-" "Expo/2.16.0.108985 CFNetwork/1121.2.1 Darwin/18.7.0"
::1 - - [28/Jul/2020:05:32:13 +0000] "GET /api/v1/categoriessd HTTP/1.1" 404 158 "-" "Expo/2.16.0.108985 CFNetwork/1121.2.1 Darwin/18.7.0"
::1 - - [28/Jul/2020:05:32:21 +0000] "GET /api/v1/categoriessd HTTP/1.1" 404 158 "-" "Expo/2.16.0.108985 CFNetwork/1121.2.1 Darwin/18.7.0"
::1 - - [28/Jul/2020:05:32:29 +0000] "GET /api/v1/categories HTTP/1.1" 304 - "-" "Expo/2.16.0.108985 CFNetwork/1121.2.1 Darwin/18.7.0"
::1 - - [28/Jul/2020:05:32:29 +0000] "GET /api/v1/categories HTTP/1.1" 304 - "-" "Expo/2.16.0.108985 CFNetwork/1121.2.1 Darwin/18.7.0"
::1 - - [28/Jul/2020:05:33:37 +0000] "GET /api/v1/categories HTTP/1.1" 304 - "-" "Expo/2.16.0.108985 CFNetwork/1121.2.1 Darwin/18.7.0"
::1 - - [28/Jul/2020:05:34:19 +0000] "GET /api/v1/categories HTTP/1.1" 304 - "-" "Expo/2.16.0.108985 CFNetwork/1121.2.1 Darwin/18.7.0"
::1 - - [28/Jul/2020:05:34:35 +0000] "GET /api/v1/categories HTTP/1.1" 304 - "-" "Expo/2.16.0.108985 CFNetwork/1121.2.1 Darwin/18.7.0"
::1 - - [28/Jul/2020:05:34:35 +0000] "GET /api/v1/categories HTTP/1.1" 304 - "-" "Expo/2.16.0.108985 CFNetwork/1121.2.1 Darwin/18.7.0"
::1 - - [28/Jul/2020:05:34:41 +0000] "GET /api/v1/categories HTTP/1.1" 304 - "-" "Expo/2.16.0.108985 CFNetwork/1121.2.1 Darwin/18.7.0"
::1 - - [28/Jul/2020:05:34:45 +0000] "GET /api/v1/categoriesd HTTP/1.1" 404 157 "-" "Expo/2.16.0.108985 CFNetwork/1121.2.1 Darwin/18.7.0"
::1 - - [28/Jul/2020:05:35:41 +0000] "GET /api/v1/categoriess HTTP/1.1" 404 157 "-" "Expo/2.16.0.108985 CFNetwork/1121.2.1 Darwin/18.7.0"
::1 - - [28/Jul/2020:05:35:48 +0000] "GET /api/v1/categoriess HTTP/1.1" 404 157 "-" "Expo/2.16.0.108985 CFNetwork/1121.2.1 Darwin/18.7.0"
::1 - - [28/Jul/2020:05:35:50 +0000] "GET /api/v1/categoriess HTTP/1.1" 404 157 "-" "Expo/2.16.0.108985 CFNetwork/1121.2.1 Darwin/18.7.0"
::1 - - [28/Jul/2020:05:35:53 +0000] "GET /api/v1/categories HTTP/1.1" 304 - "-" "Expo/2.16.0.108985 CFNetwork/1121.2.1 Darwin/18.7.0"
::1 - - [28/Jul/2020:05:36:00 +0000] "GET /api/v1/categories HTTP/1.1" 304 - "-" "Expo/2.16.0.108985 CFNetwork/1121.2.1 Darwin/18.7.0"
::1 - - [28/Jul/2020:05:38:20 +0000] "GET /api/v1/categories HTTP/1.1" 304 - "-" "Expo/2.16.0.108985 CFNetwork/1121.2.1 Darwin/18.7.0"
::1 - - [28/Jul/2020:05:38:53 +0000] "GET /api/v1/categories HTTP/1.1" 304 - "-" "Expo/2.16.0.108985 CFNetwork/1121.2.1 Darwin/18.7.0"
::1 - - [28/Jul/2020:05:38:53 +0000] "GET /api/v1/categories HTTP/1.1" 304 - "-" "Expo/2.16.0.108985 CFNetwork/1121.2.1 Darwin/18.7.0"
::1 - - [28/Jul/2020:05:39:13 +0000] "GET /api/v1/categories HTTP/1.1" 304 - "-" "Expo/2.16.0.108985 CFNetwork/1121.2.1 Darwin/18.7.0"
::1 - - [28/Jul/2020:05:39:23 +0000] "GET /api/v1/categories HTTP/1.1" 304 - "-" "Expo/2.16.0.108985 CFNetwork/1121.2.1 Darwin/18.7.0"
::1 - - [28/Jul/2020:05:43:07 +0000] "GET /api/v1/categories HTTP/1.1" 304 - "-" "Expo/2.16.0.108985 CFNetwork/1121.2.1 Darwin/18.7.0"
::1 - - [28/Jul/2020:05:43:34 +0000] "GET /api/v1/categories HTTP/1.1" 304 - "-" "Expo/2.16.0.108985 CFNetwork/1121.2.1 Darwin/18.7.0"
::1 - - [28/Jul/2020:05:44:36 +0000] "GET /api/v1/categoriesdsdf HTTP/1.1" 404 160 "-" "Expo/2.16.0.108985 CFNetwork/1121.2.1 Darwin/18.7.0"
::1 - - [28/Jul/2020:05:44:38 +0000] "GET /api/v1/categoriesdsdf HTTP/1.1" 404 160 "-" "Expo/2.16.0.108985 CFNetwork/1121.2.1 Darwin/18.7.0"
::1 - - [28/Jul/2020:05:44:49 +0000] "GET /api/v1/categories HTTP/1.1" 304 - "-" "Expo/2.16.0.108985 CFNetwork/1121.2.1 Darwin/18.7.0"
::1 - - [28/Jul/2020:05:47:30 +0000] "GET /api/v1/categories HTTP/1.1" 304 - "-" "Expo/2.16.0.108985 CFNetwork/1121.2.1 Darwin/18.7.0"
::1 - - [28/Jul/2020:05:47:33 +0000] "GET /api/v1/categories HTTP/1.1" 304 - "-" "Expo/2.16.0.108985 CFNetwork/1121.2.1 Darwin/18.7.0"
::1 - - [28/Jul/2020:05:47:42 +0000] "GET /api/v1/categories HTTP/1.1" 304 - "-" "Expo/2.16.0.108985 CFNetwork/1121.2.1 Darwin/18.7.0"
::1 - - [28/Jul/2020:05:47:49 +0000] "GET /api/v1/categories HTTP/1.1" 304 - "-" "Expo/2.16.0.108985 CFNetwork/1121.2.1 Darwin/18.7.0"
::1 - - [28/Jul/2020:05:53:27 +0000] "GET /api/v1/categoriessdfsd HTTP/1.1" 404 161 "-" "Expo/2.16.0.108985 CFNetwork/1121.2.1 Darwin/18.7.0"
::1 - - [28/Jul/2020:05:53:37 +0000] "GET /api/v1/categoriessdfsd HTTP/1.1" 404 161 "-" "Expo/2.16.0.108985 CFNetwork/1121.2.1 Darwin/18.7.0"
::1 - - [28/Jul/2020:05:54:20 +0000] "GET /api/v1/categoriessdfsd HTTP/1.1" 404 161 "-" "Expo/2.16.0.108985 CFNetwork/1121.2.1 Darwin/18.7.0"
::1 - - [28/Jul/2020:05:54:32 +0000] "GET /api/v1/categoriessdfsd HTTP/1.1" 404 161 "-" "Expo/2.16.0.108985 CFNetwork/1121.2.1 Darwin/18.7.0"
::1 - - [28/Jul/2020:05:54:37 +0000] "GET /api/v1/categoriessdfsd HTTP/1.1" 404 161 "-" "Expo/2.16.0.108985 CFNetwork/1121.2.1 Darwin/18.7.0"
::1 - - [28/Jul/2020:05:55:38 +0000] "GET /api/v1/categoriessdfsd HTTP/1.1" 404 161 "-" "Expo/2.16.0.108985 CFNetwork/1121.2.1 Darwin/18.7.0"
::1 - - [28/Jul/2020:05:55:59 +0000] "GET /api/v1/categoriessdfsd HTTP/1.1" 404 161 "-" "Expo/2.16.0.108985 CFNetwork/1121.2.1 Darwin/18.7.0"
::1 - - [28/Jul/2020:05:56:26 +0000] "GET /api/v1/categoriessdfsd HTTP/1.1" 404 161 "-" "Expo/2.16.0.108985 CFNetwork/1121.2.1 Darwin/18.7.0"
::1 - - [28/Jul/2020:05:56:41 +0000] "GET /api/v1/categoriessdfsd HTTP/1.1" 404 161 "-" "Expo/2.16.0.108985 CFNetwork/1121.2.1 Darwin/18.7.0"
::1 - - [28/Jul/2020:05:56:47 +0000] "GET /api/v1/categoriessdfsd HTTP/1.1" 404 161 "-" "Expo/2.16.0.108985 CFNetwork/1121.2.1 Darwin/18.7.0"
::1 - - [28/Jul/2020:05:57:33 +0000] "GET /api/v1/categories HTTP/1.1" 200 1431 "-" "PostmanRuntime/7.24.1"
::1 - - [28/Jul/2020:05:57:39 +0000] "GET /api/v1/categoriessdgfdf HTTP/1.1" 404 162 "-" "PostmanRuntime/7.24.1"
::1 - - [28/Jul/2020:06:02:36 +0000] "GET /api/v1/categoriessd HTTP/1.1" 404 158 "-" "Expo/2.16.0.108985 CFNetwork/1121.2.1 Darwin/18.7.0"
::1 - - [28/Jul/2020:06:02:55 +0000] "GET /api/v1/categoriessd HTTP/1.1" 404 158 "-" "Expo/2.16.0.108985 CFNetwork/1121.2.1 Darwin/18.7.0"
::1 - - [28/Jul/2020:06:03:00 +0000] "GET /api/v1/categoriessd HTTP/1.1" 404 158 "-" "Expo/2.16.0.108985 CFNetwork/1121.2.1 Darwin/18.7.0"
::1 - - [28/Jul/2020:06:03:22 +0000] "GET /api/v1/categoriessd HTTP/1.1" 404 158 "-" "Expo/2.16.0.108985 CFNetwork/1121.2.1 Darwin/18.7.0"
::1 - - [28/Jul/2020:06:03:31 +0000] "GET /api/v1/categories HTTP/1.1" 304 - "-" "Expo/2.16.0.108985 CFNetwork/1121.2.1 Darwin/18.7.0"
::1 - - [28/Jul/2020:06:04:10 +0000] "GET /api/v1/categories HTTP/1.1" 304 - "-" "Expo/2.16.0.108985 CFNetwork/1121.2.1 Darwin/18.7.0"
::1 - - [28/Jul/2020:06:04:17 +0000] "GET /api/v1/categoriessdf HTTP/1.1" 404 159 "-" "Expo/2.16.0.108985 CFNetwork/1121.2.1 Darwin/18.7.0"
::1 - - [28/Jul/2020:06:04:23 +0000] "GET /api/v1/categories HTTP/1.1" 304 - "-" "Expo/2.16.0.108985 CFNetwork/1121.2.1 Darwin/18.7.0"
::1 - - [28/Jul/2020:06:04:45 +0000] "GET /api/v1/categories HTTP/1.1" 304 - "-" "Expo/2.16.0.108985 CFNetwork/1121.2.1 Darwin/18.7.0"
::1 - - [28/Jul/2020:06:05:28 +0000] "GET /api/v1/categories HTTP/1.1" 304 - "-" "Expo/2.16.0.108985 CFNetwork/1121.2.1 Darwin/18.7.0"
::1 - - [28/Jul/2020:06:05:46 +0000] "GET /api/v1/categories HTTP/1.1" 304 - "-" "Expo/2.16.0.108985 CFNetwork/1121.2.1 Darwin/18.7.0"
::1 - - [28/Jul/2020:06:06:04 +0000] "GET /api/v1/categories HTTP/1.1" 304 - "-" "Expo/2.16.0.108985 CFNetwork/1121.2.1 Darwin/18.7.0"
::1 - - [28/Jul/2020:06:06:33 +0000] "GET /api/v1/categories HTTP/1.1" 304 - "-" "Expo/2.16.0.108985 CFNetwork/1121.2.1 Darwin/18.7.0"
::1 - - [28/Jul/2020:06:06:44 +0000] "GET /api/v1/categories HTTP/1.1" 304 - "-" "Expo/2.16.0.108985 CFNetwork/1121.2.1 Darwin/18.7.0"
::1 - - [28/Jul/2020:06:08:00 +0000] "GET /api/v1/categories HTTP/1.1" 304 - "-" "Expo/2.16.0.108985 CFNetwork/1121.2.1 Darwin/18.7.0"
::1 - - [28/Jul/2020:06:08:57 +0000] "GET /api/v1/categories HTTP/1.1" 304 - "-" "Expo/2.16.0.108985 CFNetwork/1121.2.1 Darwin/18.7.0"
::1 - - [28/Jul/2020:06:37:46 +0000] "GET /api/v1/categories HTTP/1.1" 304 - "-" "Expo/2.16.0.108985 CFNetwork/1121.2.1 Darwin/18.7.0"
::1 - - [28/Jul/2020:06:38:16 +0000] "GET /api/v1/categoriesd HTTP/1.1" 404 157 "-" "Expo/2.16.0.108985 CFNetwork/1121.2.1 Darwin/18.7.0"
::1 - - [28/Jul/2020:06:38:20 +0000] "GET /api/v1/categories HTTP/1.1" 304 - "-" "Expo/2.16.0.108985 CFNetwork/1121.2.1 Darwin/18.7.0"
