::1 - - [16/May/2020:08:48:15 +0000] "GET /api/v1/books HTTP/1.1" 200 10533 "-" "PostmanRuntime/7.24.1"
::1 - - [16/May/2020:08:48:26 +0000] "GET /api/v1/categories/5e90434cd433fa11b078ed8a HTTP/1.1" 500 84 "-" "PostmanRuntime/7.24.1"
::1 - - [16/May/2020:08:48:34 +0000] "PUT /api/v1/categories/5e90434cd433fa11b078ed8a HTTP/1.1" 200 360 "-" "PostmanRuntime/7.24.1"
::1 - - [16/May/2020:08:48:53 +0000] "GET /api/v1/books HTTP/1.1" 200 10533 "-" "PostmanRuntime/7.24.1"
::1 - - [16/May/2020:08:49:29 +0000] "POST /api/v1/users/login HTTP/1.1" 200 444 "http://localhost:3000/" "Mozilla/5.0 (Windows NT 10.0; Win64; x64) AppleWebKit/537.36 (KHTML, like Gecko) Chrome/81.0.4044.138 Safari/537.36"
::1 - - [16/May/2020:08:49:35 +0000] "GET /api/v1/books?limit=80 HTTP/1.1" 304 - "http://localhost:3000/books" "Mozilla/5.0 (Windows NT 10.0; Win64; x64) AppleWebKit/537.36 (KHTML, like Gecko) Chrome/81.0.4044.138 Safari/537.36"
::1 - - [16/May/2020:08:49:39 +0000] "GET /api/v1/books/5ebe588502b6b93eb8933f12 HTTP/1.1" 304 - "http://localhost:3000/books/5ebe588502b6b93eb8933f12" "Mozilla/5.0 (Windows NT 10.0; Win64; x64) AppleWebKit/537.36 (KHTML, like Gecko) Chrome/81.0.4044.138 Safari/537.36"
::1 - - [16/May/2020:08:50:02 +0000] "GET /api/v1/books?limit=80 HTTP/1.1" 304 - "http://localhost:3000/books" "Mozilla/5.0 (Windows NT 10.0; Win64; x64) AppleWebKit/537.36 (KHTML, like Gecko) Chrome/81.0.4044.138 Safari/537.36"
::1 - - [03/Jun/2020:08:09:16 +0000] "GET /api/v1/categories HTTP/1.1" 200 1445 "-" "PostmanRuntime/7.24.1"
::1 - - [03/Jun/2020:08:11:49 +0000] "GET /favicon.ico HTTP/1.1" 404 150 "http://localhost:8000/" "Mozilla/5.0 (Windows NT 10.0; Win64; x64) AppleWebKit/537.36 (KHTML, like Gecko) Chrome/83.0.4103.61 Safari/537.36"
::1 - - [03/Jun/2020:08:16:33 +0000] "GET /api/v1/categories HTTP/1.1" 200 1445 "-" "PostmanRuntime/7.24.1"
::1 - - [03/Jun/2020:08:46:24 +0000] "GET /favicon.ico HTTP/1.1" 404 150 "http://localhost:8000/" "Mozilla/5.0 (Windows NT 10.0; Win64; x64) AppleWebKit/537.36 (KHTML, like Gecko) Chrome/83.0.4103.61 Safari/537.36"
::1 - - [03/Jun/2020:08:46:30 +0000] "GET /api/v1/categories HTTP/1.1" 200 1445 "-" "PostmanRuntime/7.25.0"
::1 - - [03/Jun/2020:09:07:22 +0000] "GET /api/v1/books HTTP/1.1" 200 10338 "-" "PostmanRuntime/7.25.0"
::1 - - [03/Jun/2020:09:07:45 +0000] "GET /api/v1/books HTTP/1.1" 200 10338 "-" "PostmanRuntime/7.25.0"
::1 - - [03/Jun/2020:09:07:50 +0000] "GET /api/v1/books HTTP/1.1" 200 10338 "-" "PostmanRuntime/7.25.0"
::1 - - [03/Jun/2020:09:08:12 +0000] "GET /api/v1/books HTTP/1.1" 200 10338 "-" "PostmanRuntime/7.25.0"
::1 - - [03/Jun/2020:09:09:01 +0000] "GET /api/v1/books HTTP/1.1" 200 10338 "-" "PostmanRuntime/7.25.0"
::1 - - [03/Jun/2020:09:09:17 +0000] "GET /api/v1/books HTTP/1.1" 200 10338 "-" "PostmanRuntime/7.25.0"
::1 - - [03/Jun/2020:09:11:12 +0000] "GET /api/v1/books HTTP/1.1" 200 10338 "-" "PostmanRuntime/7.25.0"
::1 - - [03/Jun/2020:09:11:19 +0000] "GET /api/v1/books HTTP/1.1" 200 10338 "-" "PostmanRuntime/7.25.0"
::1 - - [03/Jun/2020:09:14:05 +0000] "GET /api/v1/books HTTP/1.1" 200 10338 "-" "PostmanRuntime/7.25.0"
::1 - - [03/Jun/2020:09:14:29 +0000] "GET /api/v1/books HTTP/1.1" 200 10338 "-" "PostmanRuntime/7.25.0"
::1 - - [03/Jun/2020:09:14:42 +0000] "GET /api/v1/books HTTP/1.1" 200 10338 "-" "PostmanRuntime/7.25.0"
::1 - - [03/Jun/2020:09:16:49 +0000] "GET /api/v1/books HTTP/1.1" 200 10338 "-" "PostmanRuntime/7.25.0"
::1 - - [03/Jun/2020:09:17:42 +0000] "GET /api/v1/books HTTP/1.1" 200 10338 "-" "PostmanRuntime/7.25.0"
::1 - - [03/Jun/2020:09:22:19 +0000] "GET /api/v1/books HTTP/1.1" 200 10338 "-" "PostmanRuntime/7.25.0"
::1 - - [03/Jun/2020:09:44:18 +0000] "GET /api/v1/books HTTP/1.1" 200 10338 "-" "PostmanRuntime/7.25.0"
::1 - - [03/Jun/2020:09:50:03 +0000] "GET /api/v1/books HTTP/1.1" 200 10338 "-" "PostmanRuntime/7.25.0"
::ffff:192.168.1.8 - - [03/Jun/2020:09:50:41 +0000] "GET /favicon.ico HTTP/1.1" 404 150 "http://192.168.1.8:8000/" "Mozilla/5.0 (Windows NT 10.0; Win64; x64) AppleWebKit/537.36 (KHTML, like Gecko) Chrome/83.0.4103.61 Safari/537.36"
::ffff:192.168.1.8 - - [03/Jun/2020:09:51:03 +0000] "GET /api/v1/books HTTP/1.1" 200 10338 "-" "Mozilla/5.0 (Windows NT 10.0; Win64; x64) AppleWebKit/537.36 (KHTML, like Gecko) Chrome/83.0.4103.61 Safari/537.36"
::ffff:192.168.1.8 - - [03/Jun/2020:09:52:00 +0000] "GET /api/v1/books HTTP/1.1" 304 - "-" "Mozilla/5.0 (Windows NT 10.0; Win64; x64) AppleWebKit/537.36 (KHTML, like Gecko) Chrome/83.0.4103.61 Safari/537.36"
